[2024-09-23 08:12:58] local.ERROR: filemtime(): stat failed for C:\laragon\www\du_an_tot_nghiep\du_an_tot_nghiep\.env {"exception":"[object] (ErrorException(code: 0): filemtime(): stat failed for C:\\laragon\\www\\du_an_tot_nghiep\\du_an_tot_nghiep\\.env at C:\\laragon\\www\\du_an_tot_nghiep\\du_an_tot_nghiep\\vendor\\laravel\\framework\\src\\Illuminate\\Foundation\\Console\\ServeCommand.php:102)
[stacktrace]
#0 C:\\laragon\\www\\du_an_tot_nghiep\\du_an_tot_nghiep\\vendor\\laravel\\framework\\src\\Illuminate\\Foundation\\Bootstrap\\HandleExceptions.php(255): Illuminate\\Foundation\\Bootstrap\\HandleExceptions->handleError(2, 'filemtime(): st...', 'C:\\\\laragon\\\\www\\\\...', 102)
#1 [internal function]: Illuminate\\Foundation\\Bootstrap\\HandleExceptions->Illuminate\\Foundation\\Bootstrap\\{closure}(2, 'filemtime(): st...', 'C:\\\\laragon\\\\www\\\\...', 102)
#2 C:\\laragon\\www\\du_an_tot_nghiep\\du_an_tot_nghiep\\vendor\\laravel\\framework\\src\\Illuminate\\Foundation\\Console\\ServeCommand.php(102): filemtime('C:\\\\laragon\\\\www\\\\...')
#3 C:\\laragon\\www\\du_an_tot_nghiep\\du_an_tot_nghiep\\vendor\\laravel\\framework\\src\\Illuminate\\Container\\BoundMethod.php(36): Illuminate\\Foundation\\Console\\ServeCommand->handle()
#4 C:\\laragon\\www\\du_an_tot_nghiep\\du_an_tot_nghiep\\vendor\\laravel\\framework\\src\\Illuminate\\Container\\Util.php(41): Illuminate\\Container\\BoundMethod::Illuminate\\Container\\{closure}()
#5 C:\\laragon\\www\\du_an_tot_nghiep\\du_an_tot_nghiep\\vendor\\laravel\\framework\\src\\Illuminate\\Container\\BoundMethod.php(93): Illuminate\\Container\\Util::unwrapIfClosure(Object(Closure))
#6 C:\\laragon\\www\\du_an_tot_nghiep\\du_an_tot_nghiep\\vendor\\laravel\\framework\\src\\Illuminate\\Container\\BoundMethod.php(37): Illuminate\\Container\\BoundMethod::callBoundMethod(Object(Illuminate\\Foundation\\Application), Array, Object(Closure))
#7 C:\\laragon\\www\\du_an_tot_nghiep\\du_an_tot_nghiep\\vendor\\laravel\\framework\\src\\Illuminate\\Container\\Container.php(662): Illuminate\\Container\\BoundMethod::call(Object(Illuminate\\Foundation\\Application), Array, Array, NULL)
#8 C:\\laragon\\www\\du_an_tot_nghiep\\du_an_tot_nghiep\\vendor\\laravel\\framework\\src\\Illuminate\\Console\\Command.php(211): Illuminate\\Container\\Container->call(Array)
#9 C:\\laragon\\www\\du_an_tot_nghiep\\du_an_tot_nghiep\\vendor\\symfony\\console\\Command\\Command.php(326): Illuminate\\Console\\Command->execute(Object(Symfony\\Component\\Console\\Input\\ArgvInput), Object(Illuminate\\Console\\OutputStyle))
#10 C:\\laragon\\www\\du_an_tot_nghiep\\du_an_tot_nghiep\\vendor\\laravel\\framework\\src\\Illuminate\\Console\\Command.php(181): Symfony\\Component\\Console\\Command\\Command->run(Object(Symfony\\Component\\Console\\Input\\ArgvInput), Object(Illuminate\\Console\\OutputStyle))
#11 C:\\laragon\\www\\du_an_tot_nghiep\\du_an_tot_nghiep\\vendor\\symfony\\console\\Application.php(1096): Illuminate\\Console\\Command->run(Object(Symfony\\Component\\Console\\Input\\ArgvInput), Object(Symfony\\Component\\Console\\Output\\ConsoleOutput))
#12 C:\\laragon\\www\\du_an_tot_nghiep\\du_an_tot_nghiep\\vendor\\symfony\\console\\Application.php(324): Symfony\\Component\\Console\\Application->doRunCommand(Object(Illuminate\\Foundation\\Console\\ServeCommand), Object(Symfony\\Component\\Console\\Input\\ArgvInput), Object(Symfony\\Component\\Console\\Output\\ConsoleOutput))
#13 C:\\laragon\\www\\du_an_tot_nghiep\\du_an_tot_nghiep\\vendor\\symfony\\console\\Application.php(175): Symfony\\Component\\Console\\Application->doRun(Object(Symfony\\Component\\Console\\Input\\ArgvInput), Object(Symfony\\Component\\Console\\Output\\ConsoleOutput))
#14 C:\\laragon\\www\\du_an_tot_nghiep\\du_an_tot_nghiep\\vendor\\laravel\\framework\\src\\Illuminate\\Foundation\\Console\\Kernel.php(201): Symfony\\Component\\Console\\Application->run(Object(Symfony\\Component\\Console\\Input\\ArgvInput), Object(Symfony\\Component\\Console\\Output\\ConsoleOutput))
#15 C:\\laragon\\www\\du_an_tot_nghiep\\du_an_tot_nghiep\\artisan(37): Illuminate\\Foundation\\Console\\Kernel->handle(Object(Symfony\\Component\\Console\\Input\\ArgvInput), Object(Symfony\\Component\\Console\\Output\\ConsoleOutput))
#16 {main}
"} 
[2024-09-23 08:12:59] local.ERROR: SQLSTATE[42S02]: Base table or view not found: 1146 Table 'domythuat-laravel.telescope_entries' doesn't exist (Connection: mysql, SQL: select count(*) as aggregate from `telescope_entries` where `type` = exception and `family_hash` = 2a993df9f0e5c8b12415bb43d20891a0) {"exception":"[object] (Illuminate\\Database\\QueryException(code: 42S02): SQLSTATE[42S02]: Base table or view not found: 1146 Table 'domythuat-laravel.telescope_entries' doesn't exist (Connection: mysql, SQL: select count(*) as aggregate from `telescope_entries` where `type` = exception and `family_hash` = 2a993df9f0e5c8b12415bb43d20891a0) at C:\\laragon\\www\\du_an_tot_nghiep\\du_an_tot_nghiep\\vendor\\laravel\\framework\\src\\Illuminate\\Database\\Connection.php:829)
[stacktrace]
#0 C:\\laragon\\www\\du_an_tot_nghiep\\du_an_tot_nghiep\\vendor\\laravel\\framework\\src\\Illuminate\\Database\\Connection.php(783): Illuminate\\Database\\Connection->runQueryCallback('select count(*)...', Array, Object(Closure))
#1 C:\\laragon\\www\\du_an_tot_nghiep\\du_an_tot_nghiep\\vendor\\laravel\\framework\\src\\Illuminate\\Database\\Connection.php(431): Illuminate\\Database\\Connection->run('select count(*)...', Array, Object(Closure))
#2 C:\\laragon\\www\\du_an_tot_nghiep\\du_an_tot_nghiep\\vendor\\laravel\\framework\\src\\Illuminate\\Database\\Query\\Builder.php(2872): Illuminate\\Database\\Connection->select('select count(*)...', Array, true)
#3 C:\\laragon\\www\\du_an_tot_nghiep\\du_an_tot_nghiep\\vendor\\laravel\\framework\\src\\Illuminate\\Database\\Query\\Builder.php(2860): Illuminate\\Database\\Query\\Builder->runSelect()
#4 C:\\laragon\\www\\du_an_tot_nghiep\\du_an_tot_nghiep\\vendor\\laravel\\framework\\src\\Illuminate\\Database\\Query\\Builder.php(3414): Illuminate\\Database\\Query\\Builder->Illuminate\\Database\\Query\\{closure}()
#5 C:\\laragon\\www\\du_an_tot_nghiep\\du_an_tot_nghiep\\vendor\\laravel\\framework\\src\\Illuminate\\Database\\Query\\Builder.php(2861): Illuminate\\Database\\Query\\Builder->onceWithColumns(Array, Object(Closure))
#6 C:\\laragon\\www\\du_an_tot_nghiep\\du_an_tot_nghiep\\vendor\\laravel\\framework\\src\\Illuminate\\Database\\Query\\Builder.php(3341): Illuminate\\Database\\Query\\Builder->get(Array)
#7 C:\\laragon\\www\\du_an_tot_nghiep\\du_an_tot_nghiep\\vendor\\laravel\\framework\\src\\Illuminate\\Database\\Query\\Builder.php(3269): Illuminate\\Database\\Query\\Builder->aggregate('count', Array)
#8 C:\\laragon\\www\\du_an_tot_nghiep\\du_an_tot_nghiep\\vendor\\laravel\\telescope\\src\\Storage\\DatabaseEntriesRepository.php(123): Illuminate\\Database\\Query\\Builder->count()
#9 C:\\laragon\\www\\du_an_tot_nghiep\\du_an_tot_nghiep\\vendor\\laravel\\telescope\\src\\Storage\\DatabaseEntriesRepository.php(165): Laravel\\Telescope\\Storage\\DatabaseEntriesRepository->countExceptionOccurences(Object(Laravel\\Telescope\\IncomingExceptionEntry))
#10 [internal function]: Laravel\\Telescope\\Storage\\DatabaseEntriesRepository->Laravel\\Telescope\\Storage\\{closure}(Object(Laravel\\Telescope\\IncomingExceptionEntry), 1)
#11 C:\\laragon\\www\\du_an_tot_nghiep\\du_an_tot_nghiep\\vendor\\laravel\\framework\\src\\Illuminate\\Collections\\Arr.php(600): array_map(Object(Closure), Array, Array)
#12 C:\\laragon\\www\\du_an_tot_nghiep\\du_an_tot_nghiep\\vendor\\laravel\\framework\\src\\Illuminate\\Collections\\Collection.php(778): Illuminate\\Support\\Arr::map(Array, Object(Closure))
#13 C:\\laragon\\www\\du_an_tot_nghiep\\du_an_tot_nghiep\\vendor\\laravel\\telescope\\src\\Storage\\DatabaseEntriesRepository.php(178): Illuminate\\Support\\Collection->map(Object(Closure))
#14 C:\\laragon\\www\\du_an_tot_nghiep\\du_an_tot_nghiep\\vendor\\laravel\\framework\\src\\Illuminate\\Collections\\Traits\\EnumeratesValues.php(240): Laravel\\Telescope\\Storage\\DatabaseEntriesRepository->Laravel\\Telescope\\Storage\\{closure}(Object(Illuminate\\Support\\Collection), 0)
#15 C:\\laragon\\www\\du_an_tot_nghiep\\du_an_tot_nghiep\\vendor\\laravel\\telescope\\src\\Storage\\DatabaseEntriesRepository.php(179): Illuminate\\Support\\Collection->each(Object(Closure))
#16 C:\\laragon\\www\\du_an_tot_nghiep\\du_an_tot_nghiep\\vendor\\laravel\\telescope\\src\\Storage\\DatabaseEntriesRepository.php(140): Laravel\\Telescope\\Storage\\DatabaseEntriesRepository->storeExceptions(Object(Illuminate\\Support\\Collection))
#17 C:\\laragon\\www\\du_an_tot_nghiep\\du_an_tot_nghiep\\vendor\\laravel\\telescope\\src\\Telescope.php(661): Laravel\\Telescope\\Storage\\DatabaseEntriesRepository->store(Object(Illuminate\\Support\\Collection))
#18 [internal function]: Laravel\\Telescope\\Telescope::Laravel\\Telescope\\{closure}()
#19 C:\\laragon\\www\\du_an_tot_nghiep\\du_an_tot_nghiep\\vendor\\laravel\\telescope\\src\\Telescope.php(286): call_user_func(Object(Closure))
#20 C:\\laragon\\www\\du_an_tot_nghiep\\du_an_tot_nghiep\\vendor\\laravel\\telescope\\src\\Telescope.php(683): Laravel\\Telescope\\Telescope::withoutRecording(Object(Closure))
#21 C:\\laragon\\www\\du_an_tot_nghiep\\du_an_tot_nghiep\\vendor\\laravel\\telescope\\src\\ListensForStorageOpportunities.php(65): Laravel\\Telescope\\Telescope::store(Object(Laravel\\Telescope\\Storage\\DatabaseEntriesRepository))
#22 C:\\laragon\\www\\du_an_tot_nghiep\\du_an_tot_nghiep\\vendor\\laravel\\framework\\src\\Illuminate\\Container\\BoundMethod.php(36): Laravel\\Telescope\\Telescope::Laravel\\Telescope\\{closure}()
#23 C:\\laragon\\www\\du_an_tot_nghiep\\du_an_tot_nghiep\\vendor\\laravel\\framework\\src\\Illuminate\\Container\\Util.php(41): Illuminate\\Container\\BoundMethod::Illuminate\\Container\\{closure}()
#24 C:\\laragon\\www\\du_an_tot_nghiep\\du_an_tot_nghiep\\vendor\\laravel\\framework\\src\\Illuminate\\Container\\BoundMethod.php(81): Illuminate\\Container\\Util::unwrapIfClosure(Object(Closure))
#25 C:\\laragon\\www\\du_an_tot_nghiep\\du_an_tot_nghiep\\vendor\\laravel\\framework\\src\\Illuminate\\Container\\BoundMethod.php(37): Illuminate\\Container\\BoundMethod::callBoundMethod(Object(Illuminate\\Foundation\\Application), Object(Closure), Object(Closure))
#26 C:\\laragon\\www\\du_an_tot_nghiep\\du_an_tot_nghiep\\vendor\\laravel\\framework\\src\\Illuminate\\Container\\Container.php(662): Illuminate\\Container\\BoundMethod::call(Object(Illuminate\\Foundation\\Application), Object(Closure), Array, NULL)
#27 C:\\laragon\\www\\du_an_tot_nghiep\\du_an_tot_nghiep\\vendor\\laravel\\framework\\src\\Illuminate\\Foundation\\Application.php(1278): Illuminate\\Container\\Container->call(Object(Closure))
#28 C:\\laragon\\www\\du_an_tot_nghiep\\du_an_tot_nghiep\\vendor\\laravel\\framework\\src\\Illuminate\\Foundation\\Console\\Kernel.php(220): Illuminate\\Foundation\\Application->terminate()
#29 C:\\laragon\\www\\du_an_tot_nghiep\\du_an_tot_nghiep\\artisan(51): Illuminate\\Foundation\\Console\\Kernel->terminate(Object(Symfony\\Component\\Console\\Input\\ArgvInput), 1)
#30 {main}

[previous exception] [object] (PDOException(code: 42S02): SQLSTATE[42S02]: Base table or view not found: 1146 Table 'domythuat-laravel.telescope_entries' doesn't exist at C:\\laragon\\www\\du_an_tot_nghiep\\du_an_tot_nghiep\\vendor\\laravel\\framework\\src\\Illuminate\\Database\\Connection.php:423)
[stacktrace]
#0 C:\\laragon\\www\\du_an_tot_nghiep\\du_an_tot_nghiep\\vendor\\laravel\\framework\\src\\Illuminate\\Database\\Connection.php(423): PDO->prepare('select count(*)...')
#1 C:\\laragon\\www\\du_an_tot_nghiep\\du_an_tot_nghiep\\vendor\\laravel\\framework\\src\\Illuminate\\Database\\Connection.php(816): Illuminate\\Database\\Connection->Illuminate\\Database\\{closure}('select count(*)...', Array)
#2 C:\\laragon\\www\\du_an_tot_nghiep\\du_an_tot_nghiep\\vendor\\laravel\\framework\\src\\Illuminate\\Database\\Connection.php(783): Illuminate\\Database\\Connection->runQueryCallback('select count(*)...', Array, Object(Closure))
#3 C:\\laragon\\www\\du_an_tot_nghiep\\du_an_tot_nghiep\\vendor\\laravel\\framework\\src\\Illuminate\\Database\\Connection.php(431): Illuminate\\Database\\Connection->run('select count(*)...', Array, Object(Closure))
#4 C:\\laragon\\www\\du_an_tot_nghiep\\du_an_tot_nghiep\\vendor\\laravel\\framework\\src\\Illuminate\\Database\\Query\\Builder.php(2872): Illuminate\\Database\\Connection->select('select count(*)...', Array, true)
#5 C:\\laragon\\www\\du_an_tot_nghiep\\du_an_tot_nghiep\\vendor\\laravel\\framework\\src\\Illuminate\\Database\\Query\\Builder.php(2860): Illuminate\\Database\\Query\\Builder->runSelect()
#6 C:\\laragon\\www\\du_an_tot_nghiep\\du_an_tot_nghiep\\vendor\\laravel\\framework\\src\\Illuminate\\Database\\Query\\Builder.php(3414): Illuminate\\Database\\Query\\Builder->Illuminate\\Database\\Query\\{closure}()
#7 C:\\laragon\\www\\du_an_tot_nghiep\\du_an_tot_nghiep\\vendor\\laravel\\framework\\src\\Illuminate\\Database\\Query\\Builder.php(2861): Illuminate\\Database\\Query\\Builder->onceWithColumns(Array, Object(Closure))
#8 C:\\laragon\\www\\du_an_tot_nghiep\\du_an_tot_nghiep\\vendor\\laravel\\framework\\src\\Illuminate\\Database\\Query\\Builder.php(3341): Illuminate\\Database\\Query\\Builder->get(Array)
#9 C:\\laragon\\www\\du_an_tot_nghiep\\du_an_tot_nghiep\\vendor\\laravel\\framework\\src\\Illuminate\\Database\\Query\\Builder.php(3269): Illuminate\\Database\\Query\\Builder->aggregate('count', Array)
#10 C:\\laragon\\www\\du_an_tot_nghiep\\du_an_tot_nghiep\\vendor\\laravel\\telescope\\src\\Storage\\DatabaseEntriesRepository.php(123): Illuminate\\Database\\Query\\Builder->count()
#11 C:\\laragon\\www\\du_an_tot_nghiep\\du_an_tot_nghiep\\vendor\\laravel\\telescope\\src\\Storage\\DatabaseEntriesRepository.php(165): Laravel\\Telescope\\Storage\\DatabaseEntriesRepository->countExceptionOccurences(Object(Laravel\\Telescope\\IncomingExceptionEntry))
#12 [internal function]: Laravel\\Telescope\\Storage\\DatabaseEntriesRepository->Laravel\\Telescope\\Storage\\{closure}(Object(Laravel\\Telescope\\IncomingExceptionEntry), 1)
#13 C:\\laragon\\www\\du_an_tot_nghiep\\du_an_tot_nghiep\\vendor\\laravel\\framework\\src\\Illuminate\\Collections\\Arr.php(600): array_map(Object(Closure), Array, Array)
#14 C:\\laragon\\www\\du_an_tot_nghiep\\du_an_tot_nghiep\\vendor\\laravel\\framework\\src\\Illuminate\\Collections\\Collection.php(778): Illuminate\\Support\\Arr::map(Array, Object(Closure))
#15 C:\\laragon\\www\\du_an_tot_nghiep\\du_an_tot_nghiep\\vendor\\laravel\\telescope\\src\\Storage\\DatabaseEntriesRepository.php(178): Illuminate\\Support\\Collection->map(Object(Closure))
#16 C:\\laragon\\www\\du_an_tot_nghiep\\du_an_tot_nghiep\\vendor\\laravel\\framework\\src\\Illuminate\\Collections\\Traits\\EnumeratesValues.php(240): Laravel\\Telescope\\Storage\\DatabaseEntriesRepository->Laravel\\Telescope\\Storage\\{closure}(Object(Illuminate\\Support\\Collection), 0)
#17 C:\\laragon\\www\\du_an_tot_nghiep\\du_an_tot_nghiep\\vendor\\laravel\\telescope\\src\\Storage\\DatabaseEntriesRepository.php(179): Illuminate\\Support\\Collection->each(Object(Closure))
#18 C:\\laragon\\www\\du_an_tot_nghiep\\du_an_tot_nghiep\\vendor\\laravel\\telescope\\src\\Storage\\DatabaseEntriesRepository.php(140): Laravel\\Telescope\\Storage\\DatabaseEntriesRepository->storeExceptions(Object(Illuminate\\Support\\Collection))
#19 C:\\laragon\\www\\du_an_tot_nghiep\\du_an_tot_nghiep\\vendor\\laravel\\telescope\\src\\Telescope.php(661): Laravel\\Telescope\\Storage\\DatabaseEntriesRepository->store(Object(Illuminate\\Support\\Collection))
#20 [internal function]: Laravel\\Telescope\\Telescope::Laravel\\Telescope\\{closure}()
#21 C:\\laragon\\www\\du_an_tot_nghiep\\du_an_tot_nghiep\\vendor\\laravel\\telescope\\src\\Telescope.php(286): call_user_func(Object(Closure))
#22 C:\\laragon\\www\\du_an_tot_nghiep\\du_an_tot_nghiep\\vendor\\laravel\\telescope\\src\\Telescope.php(683): Laravel\\Telescope\\Telescope::withoutRecording(Object(Closure))
#23 C:\\laragon\\www\\du_an_tot_nghiep\\du_an_tot_nghiep\\vendor\\laravel\\telescope\\src\\ListensForStorageOpportunities.php(65): Laravel\\Telescope\\Telescope::store(Object(Laravel\\Telescope\\Storage\\DatabaseEntriesRepository))
#24 C:\\laragon\\www\\du_an_tot_nghiep\\du_an_tot_nghiep\\vendor\\laravel\\framework\\src\\Illuminate\\Container\\BoundMethod.php(36): Laravel\\Telescope\\Telescope::Laravel\\Telescope\\{closure}()
#25 C:\\laragon\\www\\du_an_tot_nghiep\\du_an_tot_nghiep\\vendor\\laravel\\framework\\src\\Illuminate\\Container\\Util.php(41): Illuminate\\Container\\BoundMethod::Illuminate\\Container\\{closure}()
#26 C:\\laragon\\www\\du_an_tot_nghiep\\du_an_tot_nghiep\\vendor\\laravel\\framework\\src\\Illuminate\\Container\\BoundMethod.php(81): Illuminate\\Container\\Util::unwrapIfClosure(Object(Closure))
#27 C:\\laragon\\www\\du_an_tot_nghiep\\du_an_tot_nghiep\\vendor\\laravel\\framework\\src\\Illuminate\\Container\\BoundMethod.php(37): Illuminate\\Container\\BoundMethod::callBoundMethod(Object(Illuminate\\Foundation\\Application), Object(Closure), Object(Closure))
#28 C:\\laragon\\www\\du_an_tot_nghiep\\du_an_tot_nghiep\\vendor\\laravel\\framework\\src\\Illuminate\\Container\\Container.php(662): Illuminate\\Container\\BoundMethod::call(Object(Illuminate\\Foundation\\Application), Object(Closure), Array, NULL)
#29 C:\\laragon\\www\\du_an_tot_nghiep\\du_an_tot_nghiep\\vendor\\laravel\\framework\\src\\Illuminate\\Foundation\\Application.php(1278): Illuminate\\Container\\Container->call(Object(Closure))
#30 C:\\laragon\\www\\du_an_tot_nghiep\\du_an_tot_nghiep\\vendor\\laravel\\framework\\src\\Illuminate\\Foundation\\Console\\Kernel.php(220): Illuminate\\Foundation\\Application->terminate()
#31 C:\\laragon\\www\\du_an_tot_nghiep\\du_an_tot_nghiep\\artisan(51): Illuminate\\Foundation\\Console\\Kernel->terminate(Object(Symfony\\Component\\Console\\Input\\ArgvInput), 1)
#32 {main}
"} 
